[2025-02-26 18:31:15] [CronService] Avvio esecuzione cronjob.
[2025-02-26 18:31:15] [CronService] Eseguendo EvaluateBuildingQueueCron...
[2025-02-26 18:31:15] [EvaluateBuildingQueueCron] Inizio esecuzione.
[2025-02-26 18:31:15] [EvaluateBuildingQueueCron] Avvio smaltimento code di costruzione...
[2025-02-26 18:31:19] [CronService] Avvio esecuzione cronjob.
[2025-02-26 18:31:19] [CronService] Eseguendo EvaluateBuildingQueueCron...
[2025-02-26 18:31:19] [EvaluateBuildingQueueCron] Processo già in esecuzione, annullato.
[2025-02-26 18:31:19] [CronService] Tutti i cronjob completati.
[2025-02-26 18:37:18] [CronService] Avvio esecuzione cronjob.
[2025-02-26 18:37:18] [CronService] Eseguendo EvaluateBuildingQueueCron...
[2025-02-26 18:37:18] [EvaluateBuildingQueueCron] Processo già in esecuzione, annullato.
[2025-02-26 18:37:18] [CronService] Tutti i cronjob completati.
[2025-02-26 18:53:53] [CronService] Avvio esecuzione cronjob.
[2025-02-26 18:53:53] [CronService] Eseguendo EvaluateBuildingQueueCron...
[2025-02-26 18:53:53] [EvaluateBuildingQueueCron] Processo già in esecuzione, annullato.
[2025-02-26 18:53:53] [CronService] Tutti i cronjob completati.
[2025-02-26 18:59:05] [CronService] Avvio esecuzione cronjob.
[2025-02-26 18:59:05] [CronService] Eseguendo EvaluateBuildingQueueCron...
[2025-02-26 18:59:05] [EvaluateBuildingQueueCron] Inizio esecuzione.
[2025-02-26 18:59:05] [EvaluateBuildingQueueCron] Avvio smaltimento code di costruzione...
[2025-02-26 18:59:05] [EvaluateBuildingQueueCron] Lock file rimosso.
